<?xml version="1.0" encoding="UTF-8"?>
<testsuite name="test.collective.start.AppTest" tests="4" skipped="0" failures="0" errors="0" timestamp="2023-08-22T19:03:53" hostname="PEACHBOOK" time="0.479">
  <properties/>
  <testcase name="articles" classname="test.collective.start.AppTest" time="0.442"/>
  <testcase name="health" classname="test.collective.start.AppTest" time="0.011"/>
  <testcase name="slash" classname="test.collective.start.AppTest" time="0.009"/>
  <testcase name="metrics" classname="test.collective.start.AppTest" time="0.016"/>
  <system-out><![CDATA[]]></system-out>
  <system-err><![CDATA[[Test worker] INFO org.eclipse.jetty.util.log - Logging initialized @441ms
[Test worker] INFO io.collective.start.App - App started.
[Test worker] INFO org.eclipse.jetty.server.Server - jetty-9.3.0.M2
[Test worker] INFO org.eclipse.jetty.server.ServerConnector - Started ServerConnector@3b74ac8{HTTP/1.1,[http/1.1]}{0.0.0.0:8888}
[Test worker] INFO org.eclipse.jetty.server.Server - Started @564ms
[Test worker] INFO io.collective.workflow.WorkScheduler - scheduling worker ready
[pool-1-thread-1] INFO io.collective.workflow.WorkScheduler - found work for ready
[Test worker] INFO io.collective.start.App - App stopped.
[Test worker] INFO org.eclipse.jetty.server.ServerConnector - Stopped ServerConnector@3b74ac8{HTTP/1.1,[http/1.1]}{0.0.0.0:8888}
[Test worker] INFO io.collective.start.App - App started.
[Test worker] INFO org.eclipse.jetty.server.Server - jetty-9.3.0.M2
[Test worker] INFO org.eclipse.jetty.server.ServerConnector - Started ServerConnector@72758afa{HTTP/1.1,[http/1.1]}{0.0.0.0:8888}
[Test worker] INFO org.eclipse.jetty.server.Server - Started @856ms
[Test worker] INFO io.collective.workflow.WorkScheduler - scheduling worker ready
[pool-3-thread-1] INFO io.collective.workflow.WorkScheduler - found work for ready
[Test worker] INFO io.collective.start.App - App stopped.
[Test worker] INFO org.eclipse.jetty.server.ServerConnector - Stopped ServerConnector@72758afa{HTTP/1.1,[http/1.1]}{0.0.0.0:8888}
[Test worker] INFO io.collective.start.App - App started.
[Test worker] INFO org.eclipse.jetty.server.Server - jetty-9.3.0.M2
[Test worker] INFO org.eclipse.jetty.server.ServerConnector - Started ServerConnector@2313052e{HTTP/1.1,[http/1.1]}{0.0.0.0:8888}
[Test worker] INFO org.eclipse.jetty.server.Server - Started @865ms
[Test worker] INFO io.collective.workflow.WorkScheduler - scheduling worker ready
[pool-5-thread-1] INFO io.collective.workflow.WorkScheduler - found work for ready
[Test worker] INFO io.collective.start.App - App stopped.
[Test worker] INFO org.eclipse.jetty.server.ServerConnector - Stopped ServerConnector@2313052e{HTTP/1.1,[http/1.1]}{0.0.0.0:8888}
[Test worker] INFO io.collective.start.App - App started.
[Test worker] INFO org.eclipse.jetty.server.Server - jetty-9.3.0.M2
[Test worker] INFO org.eclipse.jetty.server.ServerConnector - Started ServerConnector@65b3a85a{HTTP/1.1,[http/1.1]}{0.0.0.0:8888}
[Test worker] INFO org.eclipse.jetty.server.Server - Started @875ms
[Test worker] INFO io.collective.workflow.WorkScheduler - scheduling worker ready
[pool-7-thread-1] INFO io.collective.workflow.WorkScheduler - found work for ready
[Test worker] INFO io.collective.start.App - App stopped.
[Test worker] INFO org.eclipse.jetty.server.ServerConnector - Stopped ServerConnector@65b3a85a{HTTP/1.1,[http/1.1]}{0.0.0.0:8888}
]]></system-err>
</testsuite>
