<?xml version="1.0" encoding="UTF-8"?>
<testsuite name="test.collective.articles.ArticlesControllerTest" tests="2" skipped="0" failures="0" errors="0" timestamp="2023-08-22T19:03:54" hostname="PEACHBOOK" time="0.767">
  <properties/>
  <testcase name="findAll" classname="test.collective.articles.ArticlesControllerTest" time="0.756"/>
  <testcase name="findAvailable" classname="test.collective.articles.ArticlesControllerTest" time="0.011"/>
  <system-out><![CDATA[]]></system-out>
  <system-err><![CDATA[[Test worker] INFO org.eclipse.jetty.util.log - Logging initialized @761ms
[Test worker] INFO test.collective.articles.ArticlesControllerTest$1 - App started.
[Test worker] INFO org.eclipse.jetty.server.Server - jetty-9.3.0.M2
[Test worker] INFO org.eclipse.jetty.server.ServerConnector - Started ServerConnector@4837595f{HTTP/1.1,[http/1.1]}{0.0.0.0:8888}
[Test worker] INFO org.eclipse.jetty.server.Server - Started @867ms
[Test worker] INFO test.collective.articles.ArticlesControllerTest$1 - App stopped.
[Test worker] INFO org.eclipse.jetty.server.ServerConnector - Stopped ServerConnector@4837595f{HTTP/1.1,[http/1.1]}{0.0.0.0:8888}
[Test worker] INFO test.collective.articles.ArticlesControllerTest$1 - App started.
[Test worker] INFO org.eclipse.jetty.server.Server - jetty-9.3.0.M2
[Test worker] INFO org.eclipse.jetty.server.ServerConnector - Started ServerConnector@7a2e0858{HTTP/1.1,[http/1.1]}{0.0.0.0:8888}
[Test worker] INFO org.eclipse.jetty.server.Server - Started @1144ms
[Test worker] INFO test.collective.articles.ArticlesControllerTest$1 - App stopped.
[Test worker] INFO org.eclipse.jetty.server.ServerConnector - Stopped ServerConnector@7a2e0858{HTTP/1.1,[http/1.1]}{0.0.0.0:8888}
]]></system-err>
</testsuite>
